Added Component: Designator=C1(CAPC0603)
Add component. Clean all parameters for all variants
Added Component: Designator=C2(CAP POL TANT 1206)
Add component. Clean all parameters for all variants
Added Component: Designator=C3(CAP POL TANT 1206)
Add component. Clean all parameters for all variants
Added Component: Designator=C4(CAPC0603)
Add component. Clean all parameters for all variants
Added Component: Designator=C5(CAPC0603)
Add component. Clean all parameters for all variants
Added Component: Designator=C6(CAPC0603)
Add component. Clean all parameters for all variants
Added Component: Designator=C7(CAPC0603)
Add component. Clean all parameters for all variants
Added Component: Designator=C8(CAPC0603)
Add component. Clean all parameters for all variants
Added Component: Designator=D1(MINIMELF)
Add component. Clean all parameters for all variants
Added Component: Designator=FID1(Fiducial10-20)
Add component. Clean all parameters for all variants
Add component (AddParameter): Name = "ClassName"; Value = "FiducialMark"; VariantName = "[No Variations]"
Add component (AddParameter): Name = "CompType"; Value = "Fiducial"; VariantName = "[No Variations]"
Add component (AddParameter): Name = "LatestRevisionDate"; Value = "2014-08-01"; VariantName = "[No Variations]"
Add component (AddParameter): Name = "LatestRevisionNote"; Value = "Added Alternate PartNumber and Alternate Manufacturer parameters to appropriate components."; VariantName = "[No Variations]"
Add component (AddParameter): Name = "Manufacturer"; Value = "N/A"; VariantName = "[No Variations]"
Add component (AddParameter): Name = "MountType"; Value = "N/A"; VariantName = "[No Variations]"
Add component (AddParameter): Name = "PackageReference"; Value = "Fiducial"; VariantName = "[No Variations]"
Add component (AddParameter): Name = "PartNumber"; Value = "N/A"; VariantName = "[No Variations]"
Add component (AddParameter): Name = "Publisher"; Value = "Texas Instruments"; VariantName = "[No Variations]"
Add component (AddParameter): Name = "SymbolCreator"; Value = "codlsc"; VariantName = "[No Variations]"
Add component (AddParameter): Name = "SymbolVersion"; Value = "2009-11-4"; VariantName = "[No Variations]"
Added Component: Designator=FID2(Fiducial10-20)
Add component. Clean all parameters for all variants
Add component (AddParameter): Name = "ClassName"; Value = "FiducialMark"; VariantName = "[No Variations]"
Add component (AddParameter): Name = "CompType"; Value = "Fiducial"; VariantName = "[No Variations]"
Add component (AddParameter): Name = "LatestRevisionDate"; Value = "2014-08-01"; VariantName = "[No Variations]"
Add component (AddParameter): Name = "LatestRevisionNote"; Value = "Added Alternate PartNumber and Alternate Manufacturer parameters to appropriate components."; VariantName = "[No Variations]"
Add component (AddParameter): Name = "Manufacturer"; Value = "N/A"; VariantName = "[No Variations]"
Add component (AddParameter): Name = "MountType"; Value = "N/A"; VariantName = "[No Variations]"
Add component (AddParameter): Name = "PackageReference"; Value = "Fiducial"; VariantName = "[No Variations]"
Add component (AddParameter): Name = "PartNumber"; Value = "N/A"; VariantName = "[No Variations]"
Add component (AddParameter): Name = "Publisher"; Value = "Texas Instruments"; VariantName = "[No Variations]"
Add component (AddParameter): Name = "SymbolCreator"; Value = "codlsc"; VariantName = "[No Variations]"
Add component (AddParameter): Name = "SymbolVersion"; Value = "2009-11-4"; VariantName = "[No Variations]"
Added Component: Designator=FID3(Fiducial10-20)
Add component. Clean all parameters for all variants
Add component (AddParameter): Name = "ClassName"; Value = "FiducialMark"; VariantName = "[No Variations]"
Add component (AddParameter): Name = "CompType"; Value = "Fiducial"; VariantName = "[No Variations]"
Add component (AddParameter): Name = "LatestRevisionDate"; Value = "2014-08-01"; VariantName = "[No Variations]"
Add component (AddParameter): Name = "LatestRevisionNote"; Value = "Added Alternate PartNumber and Alternate Manufacturer parameters to appropriate components."; VariantName = "[No Variations]"
Add component (AddParameter): Name = "Manufacturer"; Value = "N/A"; VariantName = "[No Variations]"
Add component (AddParameter): Name = "MountType"; Value = "N/A"; VariantName = "[No Variations]"
Add component (AddParameter): Name = "PackageReference"; Value = "Fiducial"; VariantName = "[No Variations]"
Add component (AddParameter): Name = "PartNumber"; Value = "N/A"; VariantName = "[No Variations]"
Add component (AddParameter): Name = "Publisher"; Value = "Texas Instruments"; VariantName = "[No Variations]"
Add component (AddParameter): Name = "SymbolCreator"; Value = "codlsc"; VariantName = "[No Variations]"
Add component (AddParameter): Name = "SymbolVersion"; Value = "2009-11-4"; VariantName = "[No Variations]"
Added Component: Designator=FID4(Fiducial10-20)
Add component. Clean all parameters for all variants
Add component (AddParameter): Name = "ClassName"; Value = "FiducialMark"; VariantName = "[No Variations]"
Add component (AddParameter): Name = "CompType"; Value = "Fiducial"; VariantName = "[No Variations]"
Add component (AddParameter): Name = "LatestRevisionDate"; Value = "2014-08-01"; VariantName = "[No Variations]"
Add component (AddParameter): Name = "LatestRevisionNote"; Value = "Added Alternate PartNumber and Alternate Manufacturer parameters to appropriate components."; VariantName = "[No Variations]"
Add component (AddParameter): Name = "Manufacturer"; Value = "N/A"; VariantName = "[No Variations]"
Add component (AddParameter): Name = "MountType"; Value = "N/A"; VariantName = "[No Variations]"
Add component (AddParameter): Name = "PackageReference"; Value = "Fiducial"; VariantName = "[No Variations]"
Add component (AddParameter): Name = "PartNumber"; Value = "N/A"; VariantName = "[No Variations]"
Add component (AddParameter): Name = "Publisher"; Value = "Texas Instruments"; VariantName = "[No Variations]"
Add component (AddParameter): Name = "SymbolCreator"; Value = "codlsc"; VariantName = "[No Variations]"
Add component (AddParameter): Name = "SymbolVersion"; Value = "2009-11-4"; VariantName = "[No Variations]"
Added Component: Designator=J1(PAD10-2X05-HH)
Add component. Clean all parameters for all variants
Added Component: Designator=J2(SIP4)
Add component. Clean all parameters for all variants
Added Component: Designator=J3(SIP4)
Add component. Clean all parameters for all variants
Added Component: Designator=L1(INDC0603)
Add component. Clean all parameters for all variants
Added Component: Designator=MH1(M3_MOUNTING_HOLE)
Add component. Clean all parameters for all variants
Added Component: Designator=MH2(M3_MOUNTING_HOLE)
Add component. Clean all parameters for all variants
Added Component: Designator=MH3(M3_MOUNTING_HOLE)
Add component. Clean all parameters for all variants
Added Component: Designator=MH4(M3_MOUNTING_HOLE)
Add component. Clean all parameters for all variants
Added Component: Designator=NT1(Net-Tie_50milWide_30milLong)
Add component. Clean all parameters for all variants
Add component (AddParameter): Name = "LatestRevisionDate"; Value = "2015-10-18"; VariantName = "[No Variations]"
Add component (AddParameter): Name = "LatestRevisionNote"; Value = "Added Alternate PartNumber and Alternate Manufacturer parameters to appropriate components."; VariantName = "[No Variations]"
Add component (AddParameter): Name = "MountType"; Value = "SMT"; VariantName = "[No Variations]"
Add component (AddParameter): Name = "PackageReference"; Value = "N/A"; VariantName = "[No Variations]"
Add component (AddParameter): Name = "Publisher"; Value = "Texas Instruments"; VariantName = "[No Variations]"
Add component (AddParameter): Name = "SymbolCreator"; Value = "codlsc"; VariantName = "[No Variations]"
Add component (AddParameter): Name = "SymbolVersion"; Value = "2009-07-01"; VariantName = "[No Variations]"
Added Component: Designator=NT2(Net-Tie_50milWide_30milLong)
Add component. Clean all parameters for all variants
Add component (AddParameter): Name = "LatestRevisionDate"; Value = "2015-10-18"; VariantName = "[No Variations]"
Add component (AddParameter): Name = "LatestRevisionNote"; Value = "Added Alternate PartNumber and Alternate Manufacturer parameters to appropriate components."; VariantName = "[No Variations]"
Add component (AddParameter): Name = "MountType"; Value = "SMT"; VariantName = "[No Variations]"
Add component (AddParameter): Name = "PackageReference"; Value = "N/A"; VariantName = "[No Variations]"
Add component (AddParameter): Name = "Publisher"; Value = "Texas Instruments"; VariantName = "[No Variations]"
Add component (AddParameter): Name = "SymbolCreator"; Value = "codlsc"; VariantName = "[No Variations]"
Add component (AddParameter): Name = "SymbolVersion"; Value = "2009-07-01"; VariantName = "[No Variations]"
Added Component: Designator=R1(RESC0603)
Add component. Clean all parameters for all variants
Added Component: Designator=R2(RESC0603)
Add component. Clean all parameters for all variants
Added Component: Designator=R3(RESC0603)
Add component. Clean all parameters for all variants
Added Component: Designator=R4(RESC0603)
Add component. Clean all parameters for all variants
Added Component: Designator=R5(RESC0603)
Add component. Clean all parameters for all variants
Added Component: Designator=R6(RESC0603)
Add component. Clean all parameters for all variants
Added Component: Designator=U1(LQFP48-NXP)
Add component. Clean all parameters for all variants
Add component (AddParameter): Name = "Built_By"; Value = "EMA_Jessica"; VariantName = "[No Variations]"
Add component (AddParameter): Name = "Copyright"; Value = "Copyright (C) 2016 Accelerated Designs. All rights reserved"; VariantName = "[No Variations]"
Add component (AddParameter): Name = "Manufacturer_Part_Number"; Value = "ps32k116lff0mlcr"; VariantName = "[No Variations]"
Add component (AddParameter): Name = "RefDes"; Value = "RefDes"; VariantName = "[No Variations]"
Add component (AddParameter): Name = "Type"; Value = "Type"; VariantName = "[No Variations]"
Add component (AddParameter): Name = "Value"; Value = "Value"; VariantName = "[No Variations]"
Add component (AddParameter): Name = "Vendor"; Value = "NXP"; VariantName = "[No Variations]"
Added Pin To Net: NetName=A Pin=J3-2
Added Net: Name=A
Added Pin To Net: NetName=B Pin=J3-3
Added Net: Name=B
Added Pin To Net: NetName=DE Pin=J2-2
Added Net: Name=DE
Added Pin To Net: NetName=FTM0 CH6 CTS Pin=U1-42
Added Net: Name=FTM0 CH6 CTS
Added Pin To Net: NetName=FTM0 CH7 RTS Pin=U1-41
Added Net: Name=FTM0 CH7 RTS
Added Pin To Net: NetName=GND Pin=C1-1
Added Pin To Net: NetName=GND Pin=C2-2
Added Pin To Net: NetName=GND Pin=C3-2
Added Pin To Net: NetName=GND Pin=C4-1
Added Pin To Net: NetName=GND Pin=C5-1
Added Pin To Net: NetName=GND Pin=C6-1
Added Pin To Net: NetName=GND Pin=C7-1
Added Pin To Net: NetName=GND Pin=C8-1
Added Pin To Net: NetName=GND Pin=J1-3
Added Pin To Net: NetName=GND Pin=J1-5
Added Pin To Net: NetName=GND Pin=J3-1
Added Pin To Net: NetName=GND Pin=R5-1
Added Pin To Net: NetName=GND Pin=R6-1
Added Pin To Net: NetName=GND Pin=U1-7
Added Pin To Net: NetName=GND Pin=U1-30
Added Net: Name=GND
Added Pin To Net: NetName=LPUART0 CTS Pin=U1-38
Added Net: Name=LPUART0 CTS
Added Pin To Net: NetName=LPUART0 RTS Pin=U1-37
Added Net: Name=LPUART0 RTS
Added Pin To Net: NetName=LPUART0 RX Pin=U1-36
Added Net: Name=LPUART0 RX
Added Pin To Net: NetName=LPUART0 TX Pin=U1-35
Added Net: Name=LPUART0 TX
Added Pin To Net: NetName=LPUART1_RX Pin=NT2-1
Added Net: Name=LPUART1_RX
Added Pin To Net: NetName=LPUART1_TX Pin=NT1-1
Added Net: Name=LPUART1_TX
Added Pin To Net: NetName=LPUART1 RX Pin=U1-28
Added Net: Name=LPUART1 RX
Added Pin To Net: NetName=LPUART1 TX Pin=U1-27
Added Net: Name=LPUART1 TX
Added Pin To Net: NetName=R\E\S\E\T\ Pin=U1-47
Added Net: Name=R\E\S\E\T\
Added Pin To Net: NetName=RE Pin=J2-3
Added Net: Name=RE
Added Pin To Net: NetName=RX Pin=J2-4
Added Pin To Net: NetName=RX Pin=NT2-2
Added Net: Name=RX
Added Pin To Net: NetName=SWD CLK Pin=U1-46
Added Net: Name=SWD CLK
Added Pin To Net: NetName=SWD DIO Pin=J1-2
Added Pin To Net: NetName=SWD DIO Pin=J1-4
Added Pin To Net: NetName=SWD DIO Pin=J1-6
Added Pin To Net: NetName=SWD DIO Pin=J1-8
Added Pin To Net: NetName=SWD DIO Pin=J1-9
Added Pin To Net: NetName=SWD DIO Pin=J1-10
Added Pin To Net: NetName=SWD DIO Pin=R1-2
Added Pin To Net: NetName=SWD DIO Pin=R2-2
Added Pin To Net: NetName=SWD DIO Pin=R3-2
Added Pin To Net: NetName=SWD DIO Pin=R4-2
Added Pin To Net: NetName=SWD DIO Pin=R5-2
Added Pin To Net: NetName=SWD DIO Pin=R6-2
Added Pin To Net: NetName=SWD DIO Pin=U1-48
Added Net: Name=SWD DIO
Added Pin To Net: NetName=SWO Pin=U1-44
Added Net: Name=SWO
Added Pin To Net: NetName=TDI Pin=U1-45
Added Net: Name=TDI
Added Pin To Net: NetName=TX Pin=J2-1
Added Pin To Net: NetName=TX Pin=NT1-2
Added Net: Name=TX
Added Pin To Net: NetName=VCC Pin=D1-A
Added Pin To Net: NetName=VCC Pin=J3-4
Added Net: Name=VCC
Added Pin To Net: NetName=VDDA Pin=C3-1
Added Pin To Net: NetName=VDDA Pin=C5-2
Added Pin To Net: NetName=VDDA Pin=C8-2
Added Pin To Net: NetName=VDDA Pin=L1-2
Added Pin To Net: NetName=VDDA Pin=U1-6
Added Net: Name=VDDA
Added Pin To Net: NetName=VDD Pin=C1-2
Added Pin To Net: NetName=VDD Pin=C2-1
Added Pin To Net: NetName=VDD Pin=C4-2
Added Pin To Net: NetName=VDD Pin=C6-2
Added Pin To Net: NetName=VDD Pin=C7-2
Added Pin To Net: NetName=VDD Pin=D1-K
Added Pin To Net: NetName=VDD Pin=J1-1
Added Pin To Net: NetName=VDD Pin=L1-1
Added Pin To Net: NetName=VDD Pin=R1-1
Added Pin To Net: NetName=VDD Pin=R2-1
Added Pin To Net: NetName=VDD Pin=R3-1
Added Pin To Net: NetName=VDD Pin=R4-1
Added Pin To Net: NetName=VDD Pin=U1-5
Added Pin To Net: NetName=VDD Pin=U1-31
Added Net: Name=VDD
Added Class: Name=GatewayModbus
Added Room: Name=GatewayModbus
