2024-09-03 21:21:51,167 - __main__ - INFO - Trying COM3...
2024-09-03 21:21:51,305 - __main__ - INFO - Trying COM3...
2024-09-03 21:21:51,305 - __main__ - ERROR - Failed to connect to COM3: could not open port 'COM3': PermissionError(13, 'Acceso denegado.', None, 5)
2024-09-03 21:21:51,305 - __main__ - INFO - Trying COM4...
2024-09-03 21:21:51,455 - __main__ - INFO - Trying COM3...
2024-09-03 21:21:51,455 - __main__ - ERROR - Failed to connect to COM3: could not open port 'COM3': PermissionError(13, 'Acceso denegado.', None, 5)
2024-09-03 21:21:51,455 - __main__ - INFO - Trying COM4...
2024-09-03 21:21:51,455 - __main__ - ERROR - Failed to connect to COM4: could not open port 'COM4': PermissionError(13, 'Acceso denegado.', None, 5)
2024-09-03 21:21:51,622 - __main__ - INFO - Trying COM3...
2024-09-03 21:21:51,622 - __main__ - ERROR - Failed to connect to COM3: could not open port 'COM3': PermissionError(13, 'Acceso denegado.', None, 5)
2024-09-03 21:21:51,622 - __main__ - INFO - Trying COM4...
2024-09-03 21:21:51,622 - __main__ - ERROR - Failed to connect to COM4: could not open port 'COM4': PermissionError(13, 'Acceso denegado.', None, 5)
2024-09-03 21:21:51,759 - __main__ - INFO - Trying COM3...
2024-09-03 21:21:51,774 - __main__ - ERROR - Failed to connect to COM3: could not open port 'COM3': PermissionError(13, 'Acceso denegado.', None, 5)
2024-09-03 21:21:51,775 - __main__ - INFO - Trying COM4...
2024-09-03 21:21:51,775 - __main__ - ERROR - Failed to connect to COM4: could not open port 'COM4': PermissionError(13, 'Acceso denegado.', None, 5)
2024-09-03 21:21:51,923 - __main__ - INFO - Trying COM3...
2024-09-03 21:21:51,923 - __main__ - ERROR - Failed to connect to COM3: could not open port 'COM3': PermissionError(13, 'Acceso denegado.', None, 5)
2024-09-03 21:21:51,923 - __main__ - INFO - Trying COM4...
2024-09-03 21:21:51,923 - __main__ - ERROR - Failed to connect to COM4: could not open port 'COM4': PermissionError(13, 'Acceso denegado.', None, 5)
2024-09-03 21:21:52,056 - __main__ - INFO - Trying COM3...
2024-09-03 21:21:52,056 - __main__ - ERROR - Failed to connect to COM3: could not open port 'COM3': PermissionError(13, 'Acceso denegado.', None, 5)
2024-09-03 21:21:52,056 - __main__ - INFO - Trying COM4...
2024-09-03 21:21:52,071 - __main__ - ERROR - Failed to connect to COM4: could not open port 'COM4': PermissionError(13, 'Acceso denegado.', None, 5)
2024-09-03 21:21:52,207 - __main__ - INFO - Trying COM3...
2024-09-03 21:21:52,207 - __main__ - ERROR - Failed to connect to COM3: could not open port 'COM3': PermissionError(13, 'Acceso denegado.', None, 5)
2024-09-03 21:21:52,223 - __main__ - INFO - Trying COM4...
2024-09-03 21:21:52,223 - __main__ - ERROR - Failed to connect to COM4: could not open port 'COM4': PermissionError(13, 'Acceso denegado.', None, 5)
2024-09-03 21:21:52,372 - __main__ - INFO - Trying COM3...
2024-09-03 21:21:52,372 - __main__ - ERROR - Failed to connect to COM3: could not open port 'COM3': PermissionError(13, 'Acceso denegado.', None, 5)
2024-09-03 21:21:52,372 - __main__ - INFO - Trying COM4...
2024-09-03 21:21:52,372 - __main__ - ERROR - Failed to connect to COM4: could not open port 'COM4': PermissionError(13, 'Acceso denegado.', None, 5)
2024-09-03 21:21:52,523 - __main__ - INFO - Trying COM3...
2024-09-03 21:21:52,523 - __main__ - ERROR - Failed to connect to COM3: could not open port 'COM3': PermissionError(13, 'Acceso denegado.', None, 5)
2024-09-03 21:21:52,523 - __main__ - INFO - Trying COM4...
2024-09-03 21:21:52,523 - __main__ - ERROR - Failed to connect to COM4: could not open port 'COM4': PermissionError(13, 'Acceso denegado.', None, 5)
2024-09-03 21:21:52,659 - __main__ - INFO - Trying COM3...
2024-09-03 21:21:52,659 - __main__ - ERROR - Failed to connect to COM3: could not open port 'COM3': PermissionError(13, 'Acceso denegado.', None, 5)
2024-09-03 21:21:52,659 - __main__ - INFO - Trying COM4...
2024-09-03 21:21:52,659 - __main__ - ERROR - Failed to connect to COM4: could not open port 'COM4': PermissionError(13, 'Acceso denegado.', None, 5)
2024-09-03 21:21:52,790 - __main__ - INFO - Trying COM3...
2024-09-03 21:21:52,790 - __main__ - ERROR - Failed to connect to COM3: could not open port 'COM3': PermissionError(13, 'Acceso denegado.', None, 5)
2024-09-03 21:21:52,790 - __main__ - INFO - Trying COM4...
2024-09-03 21:21:52,790 - __main__ - ERROR - Failed to connect to COM4: could not open port 'COM4': PermissionError(13, 'Acceso denegado.', None, 5)
2024-09-03 21:21:52,941 - __main__ - INFO - Trying COM3...
2024-09-03 21:21:52,941 - __main__ - ERROR - Failed to connect to COM3: could not open port 'COM3': PermissionError(13, 'Acceso denegado.', None, 5)
2024-09-03 21:21:52,941 - __main__ - INFO - Trying COM4...
2024-09-03 21:21:52,941 - __main__ - ERROR - Failed to connect to COM4: could not open port 'COM4': PermissionError(13, 'Acceso denegado.', None, 5)
2024-09-28 12:30:25,541 - __main__ - INFO - Trying COM3...
2024-09-28 12:33:09,149 - __main__ - INFO - Trying COM3...
2024-09-28 12:35:28,501 - __main__ - INFO - Trying COM3...
2024-09-28 12:35:28,599 - __main__ - INFO - INIT
2024-09-28 12:35:29,603 - __main__ - INFO - Connected to ESP on COM3
2024-09-28 12:35:54,439 - __main__ - INFO - Trying COM3...
2024-09-28 12:35:54,535 - __main__ - INFO - INIT
2024-09-28 12:35:55,538 - __main__ - INFO - Connected to ESP on COM3
2024-09-28 12:58:26,281 - __main__ - INFO - Trying COM3...
2024-09-28 12:58:26,372 - __main__ - INFO - COM3: INIT
2024-09-28 12:58:27,386 - __main__ - INFO - Failed COM3
2024-09-28 12:58:34,379 - __main__ - INFO - Trying COM3...
2024-09-28 12:58:34,478 - __main__ - INFO - COM3: INIT
2024-09-28 12:58:35,480 - __main__ - INFO - Failed COM3
2024-09-28 12:58:57,728 - __main__ - INFO - Trying COM3...
2024-09-28 12:58:57,828 - __main__ - INFO - COM3: INIT
2024-09-28 12:58:58,838 - __main__ - INFO - Failed COM3
2024-09-28 12:59:03,925 - __main__ - INFO - Trying COM3...
2024-09-28 12:59:04,021 - __main__ - INFO - COM3: INIT
2024-09-28 12:59:05,024 - __main__ - INFO - Connected to ESP on COM3
2024-09-28 13:14:12,386 - __main__ - INFO - Trying COM3...
2024-09-28 13:14:12,387 - __main__ - INFO - COM3: INIT
2024-09-28 13:14:12,387 - __main__ - ERROR - Failed to connect to COM3: Attempting to use a port that is not open
2024-09-28 13:14:19,350 - __main__ - INFO - Trying COM3...
2024-09-28 13:14:19,351 - __main__ - INFO - COM3: INIT
2024-09-28 13:14:19,351 - __main__ - ERROR - Failed to connect to COM3: Attempting to use a port that is not open
2024-09-28 13:14:33,110 - __main__ - INFO - Trying COM3...
2024-09-28 13:14:33,112 - __main__ - INFO - COM3: INIT
2024-09-28 13:14:33,114 - __main__ - ERROR - Failed to connect to COM3: Attempting to use a port that is not open
2024-09-28 13:14:38,509 - __main__ - INFO - Trying COM3...
2024-09-28 13:14:38,510 - __main__ - INFO - COM3: INIT
2024-09-28 13:14:38,513 - __main__ - ERROR - Failed to connect to COM3: Attempting to use a port that is not open
2024-09-28 13:14:48,806 - __main__ - INFO - Trying COM3...
2024-09-28 13:14:48,806 - __main__ - INFO - COM3: INIT
2024-09-28 13:14:48,808 - __main__ - ERROR - Failed to connect to COM3: Attempting to use a port that is not open
2024-09-28 13:15:06,936 - __main__ - INFO - Trying COM3...
2024-09-28 13:15:06,936 - __main__ - INFO - COM3: INIT
2024-09-28 13:15:06,939 - __main__ - ERROR - Failed to connect to COM3: Attempting to use a port that is not open
2024-09-28 13:15:49,252 - __main__ - INFO - Trying COM3...
2024-09-28 13:15:49,347 - __main__ - INFO - COM3: INIT
2024-09-28 13:15:50,350 - __main__ - INFO - Failed COM3
2024-09-28 13:16:00,416 - __main__ - INFO - Trying COM3...
2024-09-28 13:16:00,511 - __main__ - INFO - COM3: INIT
2024-09-28 13:16:01,527 - __main__ - INFO - Failed COM3
2024-09-28 13:16:27,651 - __main__ - INFO - Trying COM3...
2024-09-28 13:16:27,748 - __main__ - INFO - COM3: INIT
2024-09-28 13:16:28,751 - __main__ - INFO - Connected to ESP on COM3
2024-09-28 13:16:34,142 - __main__ - INFO - Trying COM3...
2024-09-28 13:16:34,236 - __main__ - INFO - COM3: INIT
2024-09-28 13:16:35,239 - __main__ - INFO - Connected to ESP on COM3
2024-09-28 13:16:45,100 - __main__ - INFO - Trying COM3...
2024-09-28 13:16:45,192 - __main__ - INFO - COM3: INIT
2024-09-28 13:16:46,195 - __main__ - INFO - Connected to ESP on COM3
2024-09-28 13:17:20,325 - __main__ - INFO - Trying COM3...
2024-09-28 13:17:20,421 - __main__ - INFO - COM3: INIT
2024-09-28 13:17:21,425 - __main__ - INFO - Connected to ESP on COM3
2024-09-28 13:17:51,079 - __main__ - INFO - Trying COM3...
2024-09-28 13:17:51,175 - __main__ - INFO - COM3: INIT
2024-09-28 13:17:52,178 - __main__ - INFO - Connected to ESP on COM3
2024-09-28 13:21:22,070 - __main__ - INFO - Trying COM3...
2024-09-28 13:21:22,168 - __main__ - INFO - COM3: INIT
2024-09-28 13:21:23,172 - __main__ - INFO - Connected to ESP on COM3
2024-09-28 13:21:25,474 - __main__ - INFO - Desconectado
2024-09-28 13:21:27,545 - __main__ - INFO - Trying COM3...
2024-09-28 13:21:27,644 - __main__ - INFO - COM3: INIT
2024-09-28 13:21:28,647 - __main__ - INFO - Connected to ESP on COM3
2024-09-28 13:21:30,177 - __main__ - INFO - Desconectado
2024-09-28 13:21:42,429 - __main__ - INFO - Trying COM3...
2024-09-28 13:21:42,521 - __main__ - INFO - COM3: INIT
2024-09-28 13:21:43,524 - __main__ - INFO - Connected to ESP on COM3
2024-09-28 13:21:46,303 - __main__ - INFO - Desconectado
2024-09-28 13:23:54,349 - __main__ - INFO - Trying COM3...
2024-09-28 13:23:54,447 - __main__ - INFO - COM3: INIT
2024-09-28 13:23:55,450 - __main__ - INFO - Connected to ESP on COM3
2024-09-28 13:23:56,728 - __main__ - INFO - Desconectado
2024-09-28 13:23:58,477 - __main__ - INFO - Trying COM3...
2024-09-28 13:23:58,576 - __main__ - INFO - COM3: INIT
2024-09-28 13:23:59,579 - __main__ - INFO - Connected to ESP on COM3
2024-09-28 13:24:02,331 - __main__ - INFO - Desconectado
2024-09-28 13:37:24,428 - __main__ - INFO - Trying COM3...
2024-09-28 13:37:24,523 - __main__ - INFO - COM3: INIT
2024-09-28 13:37:25,528 - __main__ - INFO - Connected to ESP on COM3
2024-09-28 13:37:28,311 - __main__ - INFO - Desconectado
2024-09-28 13:37:29,575 - __main__ - INFO - Trying COM3...
2024-09-28 13:37:29,671 - __main__ - INFO - COM3: INIT
2024-09-28 13:37:30,675 - __main__ - INFO - Connected to ESP on COM3
2024-09-28 13:37:35,540 - __main__ - INFO - Desconectado
2024-09-28 16:03:44,514 - __main__ - INFO - Trying COM3...
2024-09-28 16:03:44,607 - __main__ - INFO - COM3: INIT
2024-09-28 16:03:45,720 - __main__ - INFO - Failed COM3
2024-09-28 16:03:47,992 - __main__ - INFO - Trying COM3...
2024-09-28 16:03:48,089 - __main__ - INFO - COM3: INIT
2024-09-28 16:03:49,092 - __main__ - INFO - Connected to ESP on COM3
2024-09-28 16:03:53,653 - __main__ - INFO - Desconectado
2024-09-28 16:03:56,002 - __main__ - INFO - Trying COM3...
2024-09-28 16:03:56,096 - __main__ - INFO - COM3: INIT
2024-09-28 16:03:57,099 - __main__ - INFO - Connected to ESP on COM3
2024-09-28 16:04:25,571 - __main__ - INFO - Desconectado
